2025-07-08 19:06:20,943 - INFO - Database tables created successfully
2025-07-08 19:07:02,229 - ERROR - Error getting portfolio balance: (psycopg2.InterfaceError) cursor already closed
(Background on this error at: https://sqlalche.me/e/20/rvf5)
2025-07-08 19:07:02,230 - ERROR - Error getting signals: (psycopg2.InterfaceError) connection already closed
[SQL: SELECT signals.id AS signals_id, signals.symbol AS signals_symbol, signals.side AS signals_side, signals.strategy AS signals_strategy, signals.timeframe AS signals_timeframe, signals.entry_price AS signals_entry_price, signals.tp_price AS signals_tp_price, signals.sl_price AS signals_sl_price, signals.liquidation_price AS signals_liquidation_price, signals.confidence AS signals_confidence, signals.score AS signals_score, signals.rsi AS signals_rsi, signals.macd_hist AS signals_macd_hist, signals.bb_breakout AS signals_bb_breakout, signals.trend AS signals_trend, signals.regime AS signals_regime, signals.vol_spike AS signals_vol_spike, signals.generated_at AS signals_generated_at, signals.is_active AS signals_is_active, signals.signal_metadata AS signals_signal_metadata 
FROM signals 
WHERE signals.is_active = true ORDER BY signals.generated_at DESC 
 LIMIT %(param_1)s]
[parameters: [{}]]
(Background on this error at: https://sqlalche.me/e/20/rvf5)
2025-07-08 19:07:02,306 - ERROR - Error getting portfolio balance: (psycopg2.ProgrammingError) set_session cannot be used inside a transaction
(Background on this error at: https://sqlalche.me/e/20/f405)
2025-07-08 19:09:54,696 - ERROR - Exception during reset or similar
Traceback (most recent call last):
  File "/home/runner/workspace/.pythonlibs/lib/python3.11/site-packages/sqlalchemy/pool/base.py", line 987, in _finalize_fairy
    fairy._reset(
  File "/home/runner/workspace/.pythonlibs/lib/python3.11/site-packages/sqlalchemy/pool/base.py", line 1433, in _reset
    pool._dialect.do_rollback(self)
  File "/home/runner/workspace/.pythonlibs/lib/python3.11/site-packages/sqlalchemy/engine/default.py", line 703, in do_rollback
    dbapi_connection.rollback()
psycopg2.InterfaceError: connection already closed
2025-07-08 19:09:54,696 - ERROR - Error getting portfolio balance: (psycopg2.ProgrammingError) set_session cannot be used inside a transaction
(Background on this error at: https://sqlalche.me/e/20/f405)
2025-07-08 19:12:05,593 - ERROR - Exception during reset or similar
Traceback (most recent call last):
  File "/home/runner/workspace/.pythonlibs/lib/python3.11/site-packages/sqlalchemy/pool/base.py", line 987, in _finalize_fairy
    fairy._reset(
  File "/home/runner/workspace/.pythonlibs/lib/python3.11/site-packages/sqlalchemy/pool/base.py", line 1433, in _reset
    pool._dialect.do_rollback(self)
  File "/home/runner/workspace/.pythonlibs/lib/python3.11/site-packages/sqlalchemy/engine/default.py", line 703, in do_rollback
    dbapi_connection.rollback()
psycopg2.InterfaceError: connection already closed
2025-07-08 19:12:05,594 - ERROR - Error getting portfolio balance: (psycopg2.ProgrammingError) set_session cannot be used inside a transaction
(Background on this error at: https://sqlalche.me/e/20/f405)
